Processed files list:

==== Thu Feb 20 2020 19:55:47 GMT+0100 ============================================================================================================

000001 save :true <0> 003.png <1> Add canvas <2> Thu Feb 20 2020 19:55:48 GMT+0100 <3> ~/Desktop/test folder/test target folder/003.png

==== Thu Feb 20 2020 19:56:36 GMT+0100 ============================================================================================================

000001 save :true <0> 003.png <1> Add canvas <2> Thu Feb 20 2020 19:56:38 GMT+0100 <3> ~/Desktop/test folder/test target folder/003.png

==== Thu Feb 20 2020 20:41:31 GMT+0100 ============================================================================================================

000001 save :true <0> 001.psd <1> Add canvas <2> Thu Feb 20 2020 20:41:31 GMT+0100 <3> ~/Desktop/test folder/test target folder/001.psd
000002 save :true <0> 002.psd <1> Add canvas <2> Thu Feb 20 2020 20:41:32 GMT+0100 <3> ~/Desktop/test folder/test target folder/002.psd
000003 save :true <0> 003.png <1> Add canvas <2> Thu Feb 20 2020 20:41:32 GMT+0100 <3> ~/Desktop/test folder/test target folder/003.png
000004 save :true <0> 004.psd <1> Add canvas <2> Thu Feb 20 2020 20:41:33 GMT+0100 <3> ~/Desktop/test folder/test target folder/004.psd
000005 save :true <0> 005.psd <1> Add canvas <2> Thu Feb 20 2020 20:41:33 GMT+0100 <3> ~/Desktop/test folder/test target folder/005.psd
000006 save :true <0> 006.bmp <1> Add canvas <2> Thu Feb 20 2020 20:41:34 GMT+0100 <3> ~/Desktop/test folder/test target folder/006.bmp
000007 save :true <0> 007.jpg <1> Add canvas <2> Thu Feb 20 2020 20:41:34 GMT+0100 <3> ~/Desktop/test folder/test target folder/007.jpg
000008 save :true <0> 008.tif <1> Add canvas <2> Thu Feb 20 2020 20:41:35 GMT+0100 <3> ~/Desktop/test folder/test target folder/008.tif
000009 save :true <0> 009.tif <1> Add canvas <2> Thu Feb 20 2020 20:41:35 GMT+0100 <3> ~/Desktop/test folder/test target folder/009.tif

==== Thu Feb 20 2020 20:46:00 GMT+0100 ============================================================================================================

000001 save :true <0> 001.psd <1> Add canvas <2> Thu Feb 20 2020 20:46:01 GMT+0100 <3> ~/Desktop/test folder/test target folder/001.psd
000002 save :true <0> 002.psd <1> Add canvas <2> Thu Feb 20 2020 20:46:01 GMT+0100 <3> ~/Desktop/test folder/test target folder/002.psd
000003 save :true <0> 003.png <1> Add canvas <2> Thu Feb 20 2020 20:46:02 GMT+0100 <3> ~/Desktop/test folder/test target folder/003.png
000004 save :true <0> 004.psd <1> Add canvas <2> Thu Feb 20 2020 20:46:02 GMT+0100 <3> ~/Desktop/test folder/test target folder/004.psd
000005 save :true <0> 005.psd <1> Add canvas <2> Thu Feb 20 2020 20:46:03 GMT+0100 <3> ~/Desktop/test folder/test target folder/005.psd
000006 save :true <0> 006.bmp <1> Add canvas <2> Thu Feb 20 2020 20:46:03 GMT+0100 <3> ~/Desktop/test folder/test target folder/006.bmp
000007 save :true <0> 007.jpg <1> Add canvas <2> Thu Feb 20 2020 20:46:04 GMT+0100 <3> ~/Desktop/test folder/test target folder/007.jpg
000008 save :true <0> 008.tif <1> Add canvas <2> Thu Feb 20 2020 20:46:04 GMT+0100 <3> ~/Desktop/test folder/test target folder/008.tif
000009 save :true <0> 009.tif <1> Add canvas <2> Thu Feb 20 2020 20:46:05 GMT+0100 <3> ~/Desktop/test folder/test target folder/009.tif

==== Thu Feb 20 2020 20:53:11 GMT+0100 ============================================================================================================

000001 save :true <0> 005.psd <1> Add canvas <2> Thu Feb 20 2020 20:53:12 GMT+0100 <3> ~/Desktop/test folder/test target folder/005.psd

==== Thu Feb 20 2020 20:56:17 GMT+0100 ============================================================================================================

000001 save :true <0> 003.png <1> Add canvas <2> Thu Feb 20 2020 20:56:18 GMT+0100 <3> ~/Desktop/test folder/test target folder/003.png

==== Thu Feb 20 2020 21:04:45 GMT+0100 ============================================================================================================

000001 save :true <0> 001.psd <1> Add canvas <2> Thu Feb 20 2020 21:04:46 GMT+0100 <3> ~/Desktop/test folder/test target folder/001.psd
000002 save :true <0> 002.psd <1> Add canvas <2> Thu Feb 20 2020 21:04:47 GMT+0100 <3> ~/Desktop/test folder/test target folder/002.psd
000003 save :true <0> 003.png <1> Add canvas <2> Thu Feb 20 2020 21:04:48 GMT+0100 <3> ~/Desktop/test folder/test target folder/003.png
000004 save :true <0> 004.psd <1> Add canvas <2> Thu Feb 20 2020 21:04:48 GMT+0100 <3> ~/Desktop/test folder/test target folder/004.psd
000005 save :true <0> 005.psd <1> Add canvas <2> Thu Feb 20 2020 21:04:49 GMT+0100 <3> ~/Desktop/test folder/test target folder/005.psd
000006 save :true <0> 006.bmp <1> Add canvas <2> Thu Feb 20 2020 21:04:49 GMT+0100 <3> ~/Desktop/test folder/test target folder/006.bmp
000007 save :true <0> 007.jpg <1> Add canvas <2> Thu Feb 20 2020 21:04:50 GMT+0100 <3> ~/Desktop/test folder/test target folder/007.jpg
000008 save :true <0> 008.tif <1> Add canvas <2> Thu Feb 20 2020 21:04:50 GMT+0100 <3> ~/Desktop/test folder/test target folder/008.tif
000009 save :true <0> 009.tif <1> Add canvas <2> Thu Feb 20 2020 21:04:50 GMT+0100 <3> ~/Desktop/test folder/test target folder/009.tif

==== Fri Feb 21 2020 13:39:03 GMT+0100 ============================================================================================================

000001 save :true <0> 001.psd <1> Add canvas <2> Fri Feb 21 2020 13:39:06 GMT+0100 <3> ~/Desktop/test folder/test target folder/001.psd
000002 save :true <0> 002.psd <1> Add canvas <2> Fri Feb 21 2020 13:39:07 GMT+0100 <3> ~/Desktop/test folder/test target folder/002.psd
000003 save :true <0> 003.png <1> Add canvas <2> Fri Feb 21 2020 13:39:07 GMT+0100 <3> ~/Desktop/test folder/test target folder/003.png
000004 save :true <0> 004.psd <1> Add canvas <2> Fri Feb 21 2020 13:39:08 GMT+0100 <3> ~/Desktop/test folder/test target folder/004.psd
000005 save :true <0> 005.psd <1> Add canvas <2> Fri Feb 21 2020 13:39:08 GMT+0100 <3> ~/Desktop/test folder/test target folder/005.psd
000006 save :true <0> 006.bmp <1> Add canvas <2> Fri Feb 21 2020 13:39:09 GMT+0100 <3> ~/Desktop/test folder/test target folder/006.bmp
000007 save :true <0> 007.jpg <1> Add canvas <2> Fri Feb 21 2020 13:39:09 GMT+0100 <3> ~/Desktop/test folder/test target folder/007.jpg
000008 save :true <0> 008.tif <1> Add canvas <2> Fri Feb 21 2020 13:39:10 GMT+0100 <3> ~/Desktop/test folder/test target folder/008.tif
000009 save :true <0> 009.tif <1> Add canvas <2> Fri Feb 21 2020 13:39:10 GMT+0100 <3> ~/Desktop/test folder/test target folder/009.tif

==== Fri Feb 21 2020 13:44:55 GMT+0100 ============================================================================================================

000001 save :true <0> 001.psd <1> Add canvas <2> Fri Feb 21 2020 13:44:55 GMT+0100 <3> ~/Desktop/test folder/test target folder/001.psd
000002 save :true <0> 002.psd <1> Add canvas <2> Fri Feb 21 2020 13:44:55 GMT+0100 <3> ~/Desktop/test folder/test target folder/002.psd
000003 save :true <0> 003.png <1> Add canvas <2> Fri Feb 21 2020 13:44:55 GMT+0100 <3> ~/Desktop/test folder/test target folder/003.png
000004 save :true <0> 004.psd <1> Add canvas <2> Fri Feb 21 2020 13:44:56 GMT+0100 <3> ~/Desktop/test folder/test target folder/004.psd

